<?xml version="1.0" encoding="UTF-8"?>
<!-- Generated by org.testng.reporters.JUnitReportReporter -->
<testsuite hostname="Jigars-MBP" failures="0" tests="1" name="WebDriverManagerDemo.WDMDemo.WDMTestng" time="0.004" errors="0" timestamp="03 Mar 2019 07:18:15 GMT" skipped="0">
  <testcase classname="WebDriverManagerDemo.WDMDemo.WDMTestng" name="driverTest" time="0.004"/>
</testsuite> <!-- WebDriverManagerDemo.WDMDemo.WDMTestng -->
