<?xml version="1.0" encoding="UTF-8"?>
<!-- Generated by org.testng.reporters.JUnitReportReporter -->
<testsuite hostname="Jigars-MBP" failures="0" tests="1" name="WebDriverManagerDemo.WDMDemo.WDM_FF_Testng" time="0.009" errors="0" timestamp="03 Mar 2019 07:18:48 GMT" skipped="0">
  <testcase classname="WebDriverManagerDemo.WDMDemo.WDM_FF_Testng" name="driverTest" time="0.009"/>
</testsuite> <!-- WebDriverManagerDemo.WDMDemo.WDM_FF_Testng -->
