<?xml version="1.0" encoding="UTF-8"?>
<!-- Generated by org.testng.reporters.JUnitReportReporter -->
<testsuite hostname="Jigars-MBP" failures="0" tests="1" name="WebDriverManagerDemo.WDMDemo.WDMTestng" time="0.005" errors="0" timestamp="13 Jan 2019 10:02:25 GMT" skipped="0">
  <testcase classname="WebDriverManagerDemo.WDMDemo.WDMTestng" name="driverTest" time="0.005"/>
</testsuite> <!-- WebDriverManagerDemo.WDMDemo.WDMTestng -->
